{"/Users/decagon/Documents/Docker-task/src/app.ts": {"path":"/Users/decagon/Documents/Docker-task/src/app.ts","statementMap":{"0":{"start":{"line":16,"column":12},"end":{"line":16,"column":21}},"1":{"start":{"line":19,"column":0},"end":{"line":19,"column":22}},"2":{"start":{"line":20,"column":0},"end":{"line":20,"column":23}},"3":{"start":{"line":21,"column":0},"end":{"line":21,"column":48}},"4":{"start":{"line":24,"column":0},"end":{"line":26,"column":2}},"5":{"start":{"line":25,"column":2},"end":{"line":25,"column":102}},"6":{"start":{"line":29,"column":0},"end":{"line":29,"column":26}},"7":{"start":{"line":31,"column":0},"end":{"line":35,"column":3}},"8":{"start":{"line":37,"column":0},"end":{"line":39,"column":3}},"9":{"start":{"line":38,"column":2},"end":{"line":38,"column":61}},"10":{"start":{"line":41,"column":0},"end":{"line":55,"column":2}},"11":{"start":{"line":48,"column":4},"end":{"line":48,"column":36}},"12":{"start":{"line":49,"column":4},"end":{"line":52,"column":7}},"13":{"start":{"line":53,"column":4},"end":{"line":53,"column":11}}},"fnMap":{"0":{"name":"(anonymous_0)","decl":{"start":{"line":24,"column":13},"end":{"line":24,"column":14}},"loc":{"start":{"line":24,"column":66},"end":{"line":26,"column":1}},"line":24},"1":{"name":"(anonymous_1)","decl":{"start":{"line":37,"column":8},"end":{"line":37,"column":9}},"loc":{"start":{"line":37,"column":61},"end":{"line":39,"column":1}},"line":37},"2":{"name":"(anonymous_2)","decl":{"start":{"line":42,"column":2},"end":{"line":42,"column":3}},"loc":{"start":{"line":47,"column":7},"end":{"line":54,"column":3}},"line":47}},"branchMap":{"0":{"loc":{"start":{"line":48,"column":15},"end":{"line":48,"column":34}},"type":"binary-expr","locations":[{"start":{"line":48,"column":15},"end":{"line":48,"column":27}},{"start":{"line":48,"column":31},"end":{"line":48,"column":34}}],"line":48}},"s":{"0":1,"1":1,"2":1,"3":1,"4":1,"5":2,"6":1,"7":1,"8":1,"9":2,"10":1,"11":2,"12":2,"13":2},"f":{"0":2,"1":2,"2":2},"b":{"0":[2,0]},"_coverageSchema":"1a1c01bbd47fc00a2c39e90264f33305004495a9","hash":"5b819cd29fc8e041d34b8cbc68316c8d138d0cad"}
,"/Users/decagon/Documents/Docker-task/src/config/index.ts": {"path":"/Users/decagon/Documents/Docker-task/src/config/index.ts","statementMap":{"0":{"start":{"line":3,"column":0},"end":{"line":3,"column":16}}},"fnMap":{},"branchMap":{"0":{"loc":{"start":{"line":6,"column":7},"end":{"line":6,"column":53}},"type":"binary-expr","locations":[{"start":{"line":6,"column":7},"end":{"line":6,"column":26}},{"start":{"line":6,"column":30},"end":{"line":6,"column":53}}],"line":6},"1":{"loc":{"start":{"line":7,"column":8},"end":{"line":7,"column":32}},"type":"binary-expr","locations":[{"start":{"line":7,"column":8},"end":{"line":7,"column":24}},{"start":{"line":7,"column":28},"end":{"line":7,"column":32}}],"line":7},"2":{"loc":{"start":{"line":8,"column":15},"end":{"line":8,"column":52}},"type":"binary-expr","locations":[{"start":{"line":8,"column":15},"end":{"line":8,"column":35}},{"start":{"line":8,"column":39},"end":{"line":8,"column":52}}],"line":8},"3":{"loc":{"start":{"line":12,"column":6},"end":{"line":13,"column":92}},"type":"binary-expr","locations":[{"start":{"line":12,"column":6},"end":{"line":12,"column":41}},{"start":{"line":13,"column":6},"end":{"line":13,"column":92}}],"line":12},"4":{"loc":{"start":{"line":15,"column":6},"end":{"line":16,"column":82}},"type":"binary-expr","locations":[{"start":{"line":15,"column":6},"end":{"line":15,"column":42}},{"start":{"line":16,"column":6},"end":{"line":16,"column":82}}],"line":15},"5":{"loc":{"start":{"line":19,"column":6},"end":{"line":20,"column":84}},"type":"binary-expr","locations":[{"start":{"line":19,"column":6},"end":{"line":19,"column":35}},{"start":{"line":20,"column":6},"end":{"line":20,"column":84}}],"line":19},"6":{"loc":{"start":{"line":24,"column":4},"end":{"line":25,"column":70}},"type":"binary-expr","locations":[{"start":{"line":24,"column":4},"end":{"line":24,"column":26}},{"start":{"line":25,"column":4},"end":{"line":25,"column":70}}],"line":24}},"s":{"0":1},"f":{},"b":{"0":[1,1],"1":[1,0],"2":[1,0],"3":[1,0],"4":[1,1],"5":[1,0],"6":[1,0]},"_coverageSchema":"1a1c01bbd47fc00a2c39e90264f33305004495a9","hash":"393f6eda608b0461ee48d9647c0df946898e2941"}
,"/Users/decagon/Documents/Docker-task/src/graphql/resolvers/auth.ts": {"path":"/Users/decagon/Documents/Docker-task/src/graphql/resolvers/auth.ts","statementMap":{"0":{"start":{"line":7,"column":15},"end":{"line":75,"column":1}},"1":{"start":{"line":12,"column":25},"end":{"line":12,"column":77}},"2":{"start":{"line":13,"column":4},"end":{"line":16,"column":5}},"3":{"start":{"line":14,"column":6},"end":{"line":14,"column":32}},"4":{"start":{"line":15,"column":6},"end":{"line":15,"column":60}},"5":{"start":{"line":18,"column":20},"end":{"line":21,"column":6}},"6":{"start":{"line":23,"column":24},"end":{"line":23,"column":44}},"7":{"start":{"line":24,"column":4},"end":{"line":24,"column":28}},"8":{"start":{"line":25,"column":4},"end":{"line":25,"column":23}},"9":{"start":{"line":29,"column":4},"end":{"line":52,"column":5}},"10":{"start":{"line":30,"column":6},"end":{"line":30,"column":38}},"11":{"start":{"line":32,"column":21},"end":{"line":35,"column":8}},"12":{"start":{"line":36,"column":24},"end":{"line":36,"column":73}},"13":{"start":{"line":37,"column":6},"end":{"line":37,"column":76}},"14":{"start":{"line":37,"column":22},"end":{"line":37,"column":76}},"15":{"start":{"line":38,"column":22},"end":{"line":38,"column":75}},"16":{"start":{"line":39,"column":6},"end":{"line":40,"column":74}},"17":{"start":{"line":40,"column":8},"end":{"line":40,"column":74}},"18":{"start":{"line":42,"column":26},"end":{"line":45,"column":7}},"19":{"start":{"line":47,"column":6},"end":{"line":47,"column":79}},"20":{"start":{"line":49,"column":6},"end":{"line":50,"column":70}},"21":{"start":{"line":50,"column":8},"end":{"line":50,"column":70}},"22":{"start":{"line":51,"column":6},"end":{"line":51,"column":18}},"23":{"start":{"line":56,"column":4},"end":{"line":58,"column":5}},"24":{"start":{"line":57,"column":6},"end":{"line":57,"column":57}},"25":{"start":{"line":59,"column":25},"end":{"line":59,"column":51}},"26":{"start":{"line":60,"column":4},"end":{"line":60,"column":42}},"27":{"start":{"line":61,"column":4},"end":{"line":61,"column":42}},"28":{"start":{"line":62,"column":18},"end":{"line":62,"column":45}},"29":{"start":{"line":64,"column":4},"end":{"line":64,"column":16}},"30":{"start":{"line":69,"column":4},"end":{"line":71,"column":5}},"31":{"start":{"line":70,"column":6},"end":{"line":70,"column":57}},"32":{"start":{"line":72,"column":20},"end":{"line":72,"column":61}},"33":{"start":{"line":73,"column":4},"end":{"line":73,"column":18}}},"fnMap":{"0":{"name":"(anonymous_0)","decl":{"start":{"line":8,"column":14},"end":{"line":8,"column":15}},"loc":{"start":{"line":8,"column":44},"end":{"line":26,"column":3}},"line":8},"1":{"name":"(anonymous_1)","decl":{"start":{"line":28,"column":9},"end":{"line":28,"column":10}},"loc":{"start":{"line":28,"column":43},"end":{"line":53,"column":3}},"line":28},"2":{"name":"(anonymous_2)","decl":{"start":{"line":55,"column":14},"end":{"line":55,"column":15}},"loc":{"start":{"line":55,"column":69},"end":{"line":66,"column":3}},"line":55},"3":{"name":"(anonymous_3)","decl":{"start":{"line":68,"column":14},"end":{"line":68,"column":15}},"loc":{"start":{"line":68,"column":43},"end":{"line":74,"column":3}},"line":68}},"branchMap":{"0":{"loc":{"start":{"line":13,"column":4},"end":{"line":16,"column":5}},"type":"if","locations":[{"start":{"line":13,"column":4},"end":{"line":16,"column":5}},{"start":{"line":13,"column":4},"end":{"line":16,"column":5}}],"line":13},"1":{"loc":{"start":{"line":37,"column":6},"end":{"line":37,"column":76}},"type":"if","locations":[{"start":{"line":37,"column":6},"end":{"line":37,"column":76}},{"start":{"line":37,"column":6},"end":{"line":37,"column":76}}],"line":37},"2":{"loc":{"start":{"line":39,"column":6},"end":{"line":40,"column":74}},"type":"if","locations":[{"start":{"line":39,"column":6},"end":{"line":40,"column":74}},{"start":{"line":39,"column":6},"end":{"line":40,"column":74}}],"line":39},"3":{"loc":{"start":{"line":49,"column":6},"end":{"line":50,"column":70}},"type":"if","locations":[{"start":{"line":49,"column":6},"end":{"line":50,"column":70}},{"start":{"line":49,"column":6},"end":{"line":50,"column":70}}],"line":49},"4":{"loc":{"start":{"line":56,"column":4},"end":{"line":58,"column":5}},"type":"if","locations":[{"start":{"line":56,"column":4},"end":{"line":58,"column":5}},{"start":{"line":56,"column":4},"end":{"line":58,"column":5}}],"line":56},"5":{"loc":{"start":{"line":69,"column":4},"end":{"line":71,"column":5}},"type":"if","locations":[{"start":{"line":69,"column":4},"end":{"line":71,"column":5}},{"start":{"line":69,"column":4},"end":{"line":71,"column":5}}],"line":69}},"s":{"0":1,"1":0,"2":0,"3":0,"4":0,"5":0,"6":0,"7":0,"8":0,"9":0,"10":0,"11":0,"12":0,"13":0,"14":0,"15":0,"16":0,"17":0,"18":0,"19":0,"20":0,"21":0,"22":0,"23":0,"24":0,"25":0,"26":0,"27":0,"28":0,"29":0,"30":0,"31":0,"32":0,"33":0},"f":{"0":0,"1":0,"2":0,"3":0},"b":{"0":[0,0],"1":[0,0],"2":[0,0],"3":[0,0],"4":[0,0],"5":[0,0]},"_coverageSchema":"1a1c01bbd47fc00a2c39e90264f33305004495a9","hash":"b61389be165aaefd30960e37137f82d25634026c"}
,"/Users/decagon/Documents/Docker-task/src/graphql/resolvers/index.ts": {"path":"/Users/decagon/Documents/Docker-task/src/graphql/resolvers/index.ts","statementMap":{"0":{"start":{"line":4,"column":22},"end":{"line":7,"column":1}}},"fnMap":{},"branchMap":{},"s":{"0":1},"f":{},"b":{},"_coverageSchema":"1a1c01bbd47fc00a2c39e90264f33305004495a9","hash":"9b5e8610ad783545b54311d5f6a64b4b08791e51"}
,"/Users/decagon/Documents/Docker-task/src/graphql/resolvers/organization.ts": {"path":"/Users/decagon/Documents/Docker-task/src/graphql/resolvers/organization.ts","statementMap":{"0":{"start":{"line":3,"column":15},"end":{"line":104,"column":1}},"1":{"start":{"line":5,"column":4},"end":{"line":7,"column":5}},"2":{"start":{"line":6,"column":6},"end":{"line":6,"column":57}},"3":{"start":{"line":9,"column":28},"end":{"line":11,"column":6}},"4":{"start":{"line":12,"column":4},"end":{"line":15,"column":5}},"5":{"start":{"line":13,"column":20},"end":{"line":13,"column":60}},"6":{"start":{"line":14,"column":6},"end":{"line":14,"column":18}},"7":{"start":{"line":16,"column":23},"end":{"line":16,"column":69}},"8":{"start":{"line":16,"column":59},"end":{"line":16,"column":68}},"9":{"start":{"line":17,"column":24},"end":{"line":17,"column":71}},"10":{"start":{"line":17,"column":61},"end":{"line":17,"column":70}},"11":{"start":{"line":19,"column":28},"end":{"line":27,"column":6}},"12":{"start":{"line":28,"column":4},"end":{"line":28,"column":79}},"13":{"start":{"line":28,"column":29},"end":{"line":28,"column":77}},"14":{"start":{"line":29,"column":4},"end":{"line":31,"column":6}},"15":{"start":{"line":30,"column":6},"end":{"line":30,"column":55}},"16":{"start":{"line":32,"column":32},"end":{"line":32,"column":60}},"17":{"start":{"line":34,"column":4},"end":{"line":34,"column":46}},"18":{"start":{"line":38,"column":23},"end":{"line":38,"column":45}},"19":{"start":{"line":39,"column":4},"end":{"line":39,"column":22}},"20":{"start":{"line":43,"column":30},"end":{"line":45,"column":6}},"21":{"start":{"line":46,"column":4},"end":{"line":46,"column":44}},"22":{"start":{"line":50,"column":4},"end":{"line":92,"column":5}},"23":{"start":{"line":51,"column":6},"end":{"line":53,"column":7}},"24":{"start":{"line":52,"column":8},"end":{"line":52,"column":59}},"25":{"start":{"line":54,"column":30},"end":{"line":56,"column":8}},"26":{"start":{"line":58,"column":6},"end":{"line":61,"column":7}},"27":{"start":{"line":59,"column":22},"end":{"line":59,"column":63}},"28":{"start":{"line":60,"column":8},"end":{"line":60,"column":20}},"29":{"start":{"line":63,"column":24},"end":{"line":63,"column":74}},"30":{"start":{"line":63,"column":64},"end":{"line":63,"column":73}},"31":{"start":{"line":64,"column":25},"end":{"line":64,"column":76}},"32":{"start":{"line":64,"column":66},"end":{"line":64,"column":75}},"33":{"start":{"line":66,"column":6},"end":{"line":70,"column":9}},"34":{"start":{"line":67,"column":8},"end":{"line":69,"column":9}},"35":{"start":{"line":68,"column":10},"end":{"line":68,"column":60}},"36":{"start":{"line":72,"column":6},"end":{"line":76,"column":9}},"37":{"start":{"line":73,"column":8},"end":{"line":75,"column":9}},"38":{"start":{"line":74,"column":10},"end":{"line":74,"column":62}},"39":{"start":{"line":78,"column":6},"end":{"line":78,"column":80}},"40":{"start":{"line":78,"column":30},"end":{"line":78,"column":78}},"41":{"start":{"line":79,"column":6},"end":{"line":81,"column":8}},"42":{"start":{"line":80,"column":8},"end":{"line":80,"column":57}},"43":{"start":{"line":83,"column":6},"end":{"line":83,"column":70}},"44":{"start":{"line":84,"column":6},"end":{"line":84,"column":60}},"45":{"start":{"line":85,"column":6},"end":{"line":85,"column":68}},"46":{"start":{"line":86,"column":6},"end":{"line":86,"column":52}},"47":{"start":{"line":87,"column":6},"end":{"line":87,"column":60}},"48":{"start":{"line":88,"column":22},"end":{"line":88,"column":50}},"49":{"start":{"line":89,"column":6},"end":{"line":89,"column":36}},"50":{"start":{"line":91,"column":6},"end":{"line":91,"column":18}},"51":{"start":{"line":96,"column":4},"end":{"line":98,"column":5}},"52":{"start":{"line":97,"column":6},"end":{"line":97,"column":56}},"53":{"start":{"line":99,"column":4},"end":{"line":99,"column":34}},"54":{"start":{"line":100,"column":20},"end":{"line":100,"column":84}},"55":{"start":{"line":102,"column":4},"end":{"line":102,"column":19}}},"fnMap":{"0":{"name":"(anonymous_0)","decl":{"start":{"line":4,"column":22},"end":{"line":4,"column":23}},"loc":{"start":{"line":4,"column":61},"end":{"line":35,"column":3}},"line":4},"1":{"name":"(anonymous_1)","decl":{"start":{"line":16,"column":49},"end":{"line":16,"column":50}},"loc":{"start":{"line":16,"column":59},"end":{"line":16,"column":68}},"line":16},"2":{"name":"(anonymous_2)","decl":{"start":{"line":17,"column":51},"end":{"line":17,"column":52}},"loc":{"start":{"line":17,"column":61},"end":{"line":17,"column":70}},"line":17},"3":{"name":"(anonymous_3)","decl":{"start":{"line":28,"column":19},"end":{"line":28,"column":20}},"loc":{"start":{"line":28,"column":29},"end":{"line":28,"column":77}},"line":28},"4":{"name":"(anonymous_4)","decl":{"start":{"line":29,"column":20},"end":{"line":29,"column":21}},"loc":{"start":{"line":30,"column":6},"end":{"line":30,"column":55}},"line":30},"5":{"name":"(anonymous_5)","decl":{"start":{"line":37,"column":20},"end":{"line":37,"column":21}},"loc":{"start":{"line":37,"column":32},"end":{"line":40,"column":3}},"line":37},"6":{"name":"(anonymous_6)","decl":{"start":{"line":42,"column":25},"end":{"line":42,"column":26}},"loc":{"start":{"line":42,"column":57},"end":{"line":47,"column":3}},"line":42},"7":{"name":"(anonymous_7)","decl":{"start":{"line":49,"column":22},"end":{"line":49,"column":23}},"loc":{"start":{"line":49,"column":59},"end":{"line":93,"column":3}},"line":49},"8":{"name":"(anonymous_8)","decl":{"start":{"line":63,"column":54},"end":{"line":63,"column":55}},"loc":{"start":{"line":63,"column":64},"end":{"line":63,"column":73}},"line":63},"9":{"name":"(anonymous_9)","decl":{"start":{"line":64,"column":56},"end":{"line":64,"column":57}},"loc":{"start":{"line":64,"column":66},"end":{"line":64,"column":75}},"line":64},"10":{"name":"(anonymous_10)","decl":{"start":{"line":66,"column":38},"end":{"line":66,"column":39}},"loc":{"start":{"line":66,"column":48},"end":{"line":70,"column":7}},"line":66},"11":{"name":"(anonymous_11)","decl":{"start":{"line":72,"column":39},"end":{"line":72,"column":40}},"loc":{"start":{"line":72,"column":49},"end":{"line":76,"column":7}},"line":72},"12":{"name":"(anonymous_12)","decl":{"start":{"line":78,"column":20},"end":{"line":78,"column":21}},"loc":{"start":{"line":78,"column":30},"end":{"line":78,"column":78}},"line":78},"13":{"name":"(anonymous_13)","decl":{"start":{"line":79,"column":21},"end":{"line":79,"column":22}},"loc":{"start":{"line":80,"column":8},"end":{"line":80,"column":57}},"line":80},"14":{"name":"(anonymous_14)","decl":{"start":{"line":95,"column":22},"end":{"line":95,"column":23}},"loc":{"start":{"line":95,"column":57},"end":{"line":103,"column":3}},"line":95}},"branchMap":{"0":{"loc":{"start":{"line":5,"column":4},"end":{"line":7,"column":5}},"type":"if","locations":[{"start":{"line":5,"column":4},"end":{"line":7,"column":5}},{"start":{"line":5,"column":4},"end":{"line":7,"column":5}}],"line":5},"1":{"loc":{"start":{"line":12,"column":4},"end":{"line":15,"column":5}},"type":"if","locations":[{"start":{"line":12,"column":4},"end":{"line":15,"column":5}},{"start":{"line":12,"column":4},"end":{"line":15,"column":5}}],"line":12},"2":{"loc":{"start":{"line":51,"column":6},"end":{"line":53,"column":7}},"type":"if","locations":[{"start":{"line":51,"column":6},"end":{"line":53,"column":7}},{"start":{"line":51,"column":6},"end":{"line":53,"column":7}}],"line":51},"3":{"loc":{"start":{"line":58,"column":6},"end":{"line":61,"column":7}},"type":"if","locations":[{"start":{"line":58,"column":6},"end":{"line":61,"column":7}},{"start":{"line":58,"column":6},"end":{"line":61,"column":7}}],"line":58},"4":{"loc":{"start":{"line":67,"column":8},"end":{"line":69,"column":9}},"type":"if","locations":[{"start":{"line":67,"column":8},"end":{"line":69,"column":9}},{"start":{"line":67,"column":8},"end":{"line":69,"column":9}}],"line":67},"5":{"loc":{"start":{"line":73,"column":8},"end":{"line":75,"column":9}},"type":"if","locations":[{"start":{"line":73,"column":8},"end":{"line":75,"column":9}},{"start":{"line":73,"column":8},"end":{"line":75,"column":9}}],"line":73},"6":{"loc":{"start":{"line":96,"column":4},"end":{"line":98,"column":5}},"type":"if","locations":[{"start":{"line":96,"column":4},"end":{"line":98,"column":5}},{"start":{"line":96,"column":4},"end":{"line":98,"column":5}}],"line":96}},"s":{"0":1,"1":0,"2":0,"3":0,"4":0,"5":0,"6":0,"7":0,"8":0,"9":0,"10":0,"11":0,"12":0,"13":0,"14":0,"15":0,"16":0,"17":0,"18":0,"19":0,"20":0,"21":0,"22":0,"23":0,"24":0,"25":0,"26":0,"27":0,"28":0,"29":0,"30":0,"31":0,"32":0,"33":0,"34":0,"35":0,"36":0,"37":0,"38":0,"39":0,"40":0,"41":0,"42":0,"43":0,"44":0,"45":0,"46":0,"47":0,"48":0,"49":0,"50":0,"51":0,"52":0,"53":0,"54":0,"55":0},"f":{"0":0,"1":0,"2":0,"3":0,"4":0,"5":0,"6":0,"7":0,"8":0,"9":0,"10":0,"11":0,"12":0,"13":0,"14":0},"b":{"0":[0,0],"1":[0,0],"2":[0,0],"3":[0,0],"4":[0,0],"5":[0,0],"6":[0,0]},"_coverageSchema":"1a1c01bbd47fc00a2c39e90264f33305004495a9","hash":"1cbb38dfc6ef1b390f19feb14bb70a9e5ec9c994"}
,"/Users/decagon/Documents/Docker-task/src/graphql/schemas/index.ts": {"path":"/Users/decagon/Documents/Docker-task/src/graphql/schemas/index.ts","statementMap":{"0":{"start":{"line":3,"column":20},"end":{"line":99,"column":2}}},"fnMap":{},"branchMap":{},"s":{"0":1},"f":{},"b":{},"_coverageSchema":"1a1c01bbd47fc00a2c39e90264f33305004495a9","hash":"136e04eac601d68e075445092fa6dc31a9ebb64d"}
,"/Users/decagon/Documents/Docker-task/src/helpers/init_mongodb.ts": {"path":"/Users/decagon/Documents/Docker-task/src/helpers/init_mongodb.ts","statementMap":{"0":{"start":{"line":5,"column":11},"end":{"line":5,"column":49}},"1":{"start":{"line":6,"column":0},"end":{"line":13,"column":43}},"2":{"start":{"line":12,"column":16},"end":{"line":12,"column":89}},"3":{"start":{"line":13,"column":16},"end":{"line":13,"column":42}},"4":{"start":{"line":15,"column":0},"end":{"line":17,"column":2}},"5":{"start":{"line":15,"column":42},"end":{"line":17,"column":1}},"6":{"start":{"line":19,"column":0},"end":{"line":21,"column":2}},"7":{"start":{"line":20,"column":4},"end":{"line":20,"column":30}},"8":{"start":{"line":24,"column":0},"end":{"line":26,"column":2}},"9":{"start":{"line":25,"column":4},"end":{"line":25,"column":79}},"10":{"start":{"line":28,"column":0},"end":{"line":31,"column":2}},"11":{"start":{"line":29,"column":4},"end":{"line":29,"column":37}},"12":{"start":{"line":30,"column":4},"end":{"line":30,"column":19}}},"fnMap":{"0":{"name":"(anonymous_0)","decl":{"start":{"line":12,"column":10},"end":{"line":12,"column":11}},"loc":{"start":{"line":12,"column":16},"end":{"line":12,"column":89}},"line":12},"1":{"name":"(anonymous_1)","decl":{"start":{"line":13,"column":7},"end":{"line":13,"column":8}},"loc":{"start":{"line":13,"column":16},"end":{"line":13,"column":42}},"line":13},"2":{"name":"(anonymous_2)","decl":{"start":{"line":15,"column":36},"end":{"line":15,"column":37}},"loc":{"start":{"line":15,"column":42},"end":{"line":17,"column":1}},"line":15},"3":{"name":"(anonymous_3)","decl":{"start":{"line":19,"column":32},"end":{"line":19,"column":33}},"loc":{"start":{"line":19,"column":43},"end":{"line":21,"column":1}},"line":19},"4":{"name":"(anonymous_4)","decl":{"start":{"line":24,"column":39},"end":{"line":24,"column":40}},"loc":{"start":{"line":24,"column":45},"end":{"line":26,"column":1}},"line":24},"5":{"name":"(anonymous_5)","decl":{"start":{"line":28,"column":21},"end":{"line":28,"column":22}},"loc":{"start":{"line":28,"column":32},"end":{"line":31,"column":1}},"line":28}},"branchMap":{},"s":{"0":1,"1":1,"2":1,"3":0,"4":1,"5":1,"6":1,"7":0,"8":1,"9":1,"10":1,"11":0,"12":0},"f":{"0":1,"1":0,"2":1,"3":0,"4":1,"5":0},"b":{},"_coverageSchema":"1a1c01bbd47fc00a2c39e90264f33305004495a9","hash":"436de09305a5d3b12589615496d8c8c049a50d35"}
,"/Users/decagon/Documents/Docker-task/src/helpers/jwt_helper.ts": {"path":"/Users/decagon/Documents/Docker-task/src/helpers/jwt_helper.ts","statementMap":{"0":{"start":{"line":5,"column":31},"end":{"line":19,"column":1}},"1":{"start":{"line":6,"column":4},"end":{"line":18,"column":6}},"2":{"start":{"line":7,"column":24},"end":{"line":7,"column":32}},"3":{"start":{"line":8,"column":23},"end":{"line":8,"column":55}},"4":{"start":{"line":9,"column":23},"end":{"line":9,"column":78}},"5":{"start":{"line":10,"column":8},"end":{"line":17,"column":10}},"6":{"start":{"line":11,"column":12},"end":{"line":14,"column":13}},"7":{"start":{"line":12,"column":16},"end":{"line":12,"column":34}},"8":{"start":{"line":13,"column":16},"end":{"line":13,"column":62}},"9":{"start":{"line":16,"column":12},"end":{"line":16,"column":26}},"10":{"start":{"line":21,"column":33},"end":{"line":49,"column":1}},"11":{"start":{"line":22,"column":23},"end":{"line":22,"column":47}},"12":{"start":{"line":23,"column":4},"end":{"line":26,"column":5}},"13":{"start":{"line":24,"column":6},"end":{"line":24,"column":28}},"14":{"start":{"line":25,"column":6},"end":{"line":25,"column":20}},"15":{"start":{"line":28,"column":18},"end":{"line":28,"column":42}},"16":{"start":{"line":30,"column":5},"end":{"line":33,"column":6}},"17":{"start":{"line":31,"column":7},"end":{"line":31,"column":29}},"18":{"start":{"line":32,"column":7},"end":{"line":32,"column":21}},"19":{"start":{"line":35,"column":4},"end":{"line":40,"column":5}},"20":{"start":{"line":36,"column":8},"end":{"line":36,"column":65}},"21":{"start":{"line":38,"column":8},"end":{"line":38,"column":29}},"22":{"start":{"line":39,"column":8},"end":{"line":39,"column":21}},"23":{"start":{"line":41,"column":4},"end":{"line":41,"column":29}},"24":{"start":{"line":42,"column":4},"end":{"line":45,"column":5}},"25":{"start":{"line":43,"column":8},"end":{"line":43,"column":30}},"26":{"start":{"line":44,"column":8},"end":{"line":44,"column":22}},"27":{"start":{"line":46,"column":4},"end":{"line":46,"column":24}},"28":{"start":{"line":47,"column":4},"end":{"line":47,"column":39}},"29":{"start":{"line":48,"column":4},"end":{"line":48,"column":10}}},"fnMap":{"0":{"name":"(anonymous_0)","decl":{"start":{"line":5,"column":31},"end":{"line":5,"column":32}},"loc":{"start":{"line":5,"column":58},"end":{"line":19,"column":1}},"line":5},"1":{"name":"(anonymous_1)","decl":{"start":{"line":6,"column":23},"end":{"line":6,"column":24}},"loc":{"start":{"line":6,"column":45},"end":{"line":18,"column":5}},"line":6},"2":{"name":"(anonymous_2)","decl":{"start":{"line":10,"column":42},"end":{"line":10,"column":43}},"loc":{"start":{"line":10,"column":60},"end":{"line":17,"column":9}},"line":10},"3":{"name":"(anonymous_3)","decl":{"start":{"line":21,"column":33},"end":{"line":21,"column":34}},"loc":{"start":{"line":21,"column":86},"end":{"line":49,"column":1}},"line":21}},"branchMap":{"0":{"loc":{"start":{"line":11,"column":12},"end":{"line":14,"column":13}},"type":"if","locations":[{"start":{"line":11,"column":12},"end":{"line":14,"column":13}},{"start":{"line":11,"column":12},"end":{"line":14,"column":13}}],"line":11},"1":{"loc":{"start":{"line":23,"column":4},"end":{"line":26,"column":5}},"type":"if","locations":[{"start":{"line":23,"column":4},"end":{"line":26,"column":5}},{"start":{"line":23,"column":4},"end":{"line":26,"column":5}}],"line":23},"2":{"loc":{"start":{"line":30,"column":5},"end":{"line":33,"column":6}},"type":"if","locations":[{"start":{"line":30,"column":5},"end":{"line":33,"column":6}},{"start":{"line":30,"column":5},"end":{"line":33,"column":6}}],"line":30},"3":{"loc":{"start":{"line":30,"column":9},"end":{"line":30,"column":31}},"type":"binary-expr","locations":[{"start":{"line":30,"column":9},"end":{"line":30,"column":15}},{"start":{"line":30,"column":19},"end":{"line":30,"column":31}}],"line":30},"4":{"loc":{"start":{"line":42,"column":4},"end":{"line":45,"column":5}},"type":"if","locations":[{"start":{"line":42,"column":4},"end":{"line":45,"column":5}},{"start":{"line":42,"column":4},"end":{"line":45,"column":5}}],"line":42}},"s":{"0":1,"1":0,"2":0,"3":0,"4":0,"5":0,"6":0,"7":0,"8":0,"9":0,"10":1,"11":3,"12":3,"13":1,"14":1,"15":2,"16":2,"17":0,"18":0,"19":2,"20":2,"21":2,"22":2,"23":0,"24":0,"25":0,"26":0,"27":0,"28":0,"29":0},"f":{"0":0,"1":0,"2":0,"3":3},"b":{"0":[0,0],"1":[1,2],"2":[0,2],"3":[2,2],"4":[0,0]},"_coverageSchema":"1a1c01bbd47fc00a2c39e90264f33305004495a9","hash":"5c164eda3f71ed91a71db379359b7ed7239c1a9e"}
,"/Users/decagon/Documents/Docker-task/src/helpers/validation_schema.ts": {"path":"/Users/decagon/Documents/Docker-task/src/helpers/validation_schema.ts","statementMap":{"0":{"start":{"line":3,"column":19},"end":{"line":6,"column":2}},"1":{"start":{"line":8,"column":27},"end":{"line":14,"column":2}}},"fnMap":{},"branchMap":{},"s":{"0":1,"1":1},"f":{},"b":{},"_coverageSchema":"1a1c01bbd47fc00a2c39e90264f33305004495a9","hash":"584948b071b58795763064c703dfc25e6a5aeabb"}
,"/Users/decagon/Documents/Docker-task/src/model/Company.model.ts": {"path":"/Users/decagon/Documents/Docker-task/src/model/Company.model.ts","statementMap":{"0":{"start":{"line":3,"column":15},"end":{"line":3,"column":30}},"1":{"start":{"line":5,"column":16},"end":{"line":10,"column":2}},"2":{"start":{"line":13,"column":17},"end":{"line":18,"column":2}},"3":{"start":{"line":22,"column":22},"end":{"line":49,"column":23}},"4":{"start":{"line":53,"column":16},"end":{"line":53,"column":56}}},"fnMap":{},"branchMap":{},"s":{"0":1,"1":1,"2":1,"3":1,"4":1},"f":{},"b":{},"_coverageSchema":"1a1c01bbd47fc00a2c39e90264f33305004495a9","hash":"ba4e9656118af3771676f002fa1a77916cda6d43"}
,"/Users/decagon/Documents/Docker-task/src/model/User.model.ts": {"path":"/Users/decagon/Documents/Docker-task/src/model/User.model.ts","statementMap":{"0":{"start":{"line":4,"column":19},"end":{"line":16,"column":2}},"1":{"start":{"line":21,"column":0},"end":{"line":30,"column":3}},"2":{"start":{"line":22,"column":2},"end":{"line":29,"column":3}},"3":{"start":{"line":23,"column":17},"end":{"line":23,"column":41}},"4":{"start":{"line":24,"column":27},"end":{"line":24,"column":65}},"5":{"start":{"line":25,"column":4},"end":{"line":25,"column":35}},"6":{"start":{"line":26,"column":4},"end":{"line":26,"column":11}},"7":{"start":{"line":28,"column":4},"end":{"line":28,"column":16}},"8":{"start":{"line":32,"column":13},"end":{"line":32,"column":47}}},"fnMap":{"0":{"name":"(anonymous_0)","decl":{"start":{"line":21,"column":36},"end":{"line":21,"column":37}},"loc":{"start":{"line":21,"column":58},"end":{"line":30,"column":1}},"line":21}},"branchMap":{},"s":{"0":1,"1":1,"2":0,"3":0,"4":0,"5":0,"6":0,"7":0,"8":1},"f":{"0":0},"b":{},"_coverageSchema":"1a1c01bbd47fc00a2c39e90264f33305004495a9","hash":"024267b85f3b66644f83eebc0f97dea5cb3308d4"}
}
